#-----------------------------------------------------------
# Vivado v2018.3 (64-bit)
# SW Build 2405991 on Thu Dec  6 23:38:27 MST 2018
# IP Build 2404404 on Fri Dec  7 01:43:56 MST 2018
# Start of session at: Sat Jan 13 18:03:58 2024
# Process ID: 25812
# Current directory: E:/competition/Loongson/OpenMIPS/OpenMIPS
# Command line: vivado.exe -gui_launcher_event rodinguilauncherevent18448 E:\competition\Loongson\OpenMIPS\OpenMIPS\OpenMIPS.xpr
# Log file: E:/competition/Loongson/OpenMIPS/OpenMIPS/vivado.log
# Journal file: E:/competition/Loongson/OpenMIPS/OpenMIPS\vivado.jou
#-----------------------------------------------------------
start_gui
open_project E:/competition/Loongson/OpenMIPS/OpenMIPS/OpenMIPS.xpr
Scanning sources...
Finished scanning sources
INFO: [IP_Flow 19-234] Refreshing IP repositories
INFO: [IP_Flow 19-1704] No user IP repositories specified
INFO: [IP_Flow 19-2313] Loaded Vivado IP repository 'D:/software/Xilinx/Vivado/2018.3/data/ip'.
update_compile_order -fileset sources_1
exit
INFO: [Common 17-206] Exiting Vivado at Sat Jan 13 18:05:15 2024...
